[2025-06-24 00:53:15] Using device: cuda
[2025-06-24 00:53:15] Batch size: 32, Epochs: 20
[2025-06-24 02:01:12] ✅ Epoch 1 – Avg Train Loss: 52.6873, Accuracy: 4.78%
[2025-06-24 02:04:36] 📊 Validation Metrics: {'num_classes_detected': 12, 'classes_detected': [0, 5, 13, 15, 17, 18, 21, 28, 35, 40, 48, 49], 'avg_iou': 0.03971908854824419, 'avg_l1_error': 48.36077083155659, 'val_loss': 0.0, 'accuracy': 0.052877866167524566}
[2025-06-24 02:04:38] 🎉 New best model at epoch 1 (Avg IoU: 0.0397, Accuracy: 5.29%)
[2025-06-24 02:04:39] Saved checkpoint → checkpoints/epoch_1.pth
[2025-06-24 02:04:39] Saved metrics   → checkpoints/metrics_epoch_1.json
[2025-06-24 02:04:39] Epoch 1 complete! Avg Loss: 52.6873, Train Acc: 4.78%, Val Acc: 5.29%, Avg IoU: 0.0397
[2025-06-24 03:12:33] ✅ Epoch 2 – Avg Train Loss: 51.8992, Accuracy: 6.26%
[2025-06-24 03:15:56] 📊 Validation Metrics: {'num_classes_detected': 14, 'classes_detected': [0, 5, 13, 15, 17, 18, 21, 27, 34, 35, 38, 40, 43, 49], 'avg_iou': 0.06410473879457443, 'avg_l1_error': 47.45965000977291, 'val_loss': 0.0, 'accuracy': 0.058961160505381374}
[2025-06-24 03:15:58] 🎉 New best model at epoch 2 (Avg IoU: 0.0641, Accuracy: 5.90%)
[2025-06-24 03:16:00] Saved checkpoint → checkpoints/epoch_2.pth
[2025-06-24 03:16:00] Saved metrics   → checkpoints/metrics_epoch_2.json
[2025-06-24 03:16:00] Epoch 2 complete! Avg Loss: 51.8992, Train Acc: 6.26%, Val Acc: 5.90%, Avg IoU: 0.0641
[2025-06-24 04:23:48] ✅ Epoch 3 – Avg Train Loss: 51.7385, Accuracy: 6.42%
[2025-06-24 04:27:11] 📊 Validation Metrics: {'num_classes_detected': 18, 'classes_detected': [0, 5, 13, 15, 16, 17, 18, 20, 21, 24, 27, 28, 34, 35, 38, 39, 40, 41], 'avg_iou': 0.057427948532747186, 'avg_l1_error': 47.75273121033643, 'val_loss': 0.0, 'accuracy': 0.07346747777257838}
[2025-06-24 04:27:13] Saved checkpoint → checkpoints/epoch_3.pth
[2025-06-24 04:27:13] Saved metrics   → checkpoints/metrics_epoch_3.json
[2025-06-24 04:27:13] Epoch 3 complete! Avg Loss: 51.7385, Train Acc: 6.42%, Val Acc: 7.35%, Avg IoU: 0.0574
[2025-06-24 05:29:44] ✅ Epoch 4 – Avg Train Loss: 51.4974, Accuracy: 7.06%
[2025-06-24 05:31:50] 📊 Validation Metrics: {'num_classes_detected': 11, 'classes_detected': [0, 4, 5, 11, 15, 17, 27, 35, 38, 40, 41], 'avg_iou': 0.05655658223170954, 'avg_l1_error': 47.90640255843695, 'val_loss': 0.0, 'accuracy': 0.07019185774450164}
[2025-06-24 05:31:51] Saved checkpoint → checkpoints/epoch_4.pth
[2025-06-24 05:31:51] Saved metrics   → checkpoints/metrics_epoch_4.json
[2025-06-24 05:31:51] Epoch 4 complete! Avg Loss: 51.4974, Train Acc: 7.06%, Val Acc: 7.02%, Avg IoU: 0.0566
[2025-06-24 06:14:16] ✅ Epoch 5 – Avg Train Loss: 51.4166, Accuracy: 7.00%
[2025-06-24 06:16:22] 📊 Validation Metrics: {'num_classes_detected': 21, 'classes_detected': [0, 2, 5, 11, 13, 15, 17, 18, 21, 27, 28, 32, 33, 35, 38, 39, 40, 41, 46, 47, 49], 'avg_iou': 0.06424508396086671, 'avg_l1_error': 47.59787808080449, 'val_loss': 0.0, 'accuracy': 0.05240992044922789}
[2025-06-24 06:16:23] 🎉 New best model at epoch 5 (Avg IoU: 0.0642, Accuracy: 5.24%)
[2025-06-24 06:16:24] Saved checkpoint → checkpoints/epoch_5.pth
[2025-06-24 06:16:24] Saved metrics   → checkpoints/metrics_epoch_5.json
[2025-06-24 06:16:24] Epoch 5 complete! Avg Loss: 51.4166, Train Acc: 7.00%, Val Acc: 5.24%, Avg IoU: 0.0642
[2025-06-24 06:58:47] ✅ Epoch 6 – Avg Train Loss: 51.4393, Accuracy: 7.05%
[2025-06-24 07:00:53] 📊 Validation Metrics: {'num_classes_detected': 17, 'classes_detected': [0, 4, 5, 9, 12, 13, 15, 17, 27, 28, 32, 34, 35, 38, 40, 41, 46], 'avg_iou': 0.04298181894499822, 'avg_l1_error': 47.91754292348416, 'val_loss': 0.0, 'accuracy': 0.06504445484323819}
[2025-06-24 07:00:54] Saved checkpoint → checkpoints/epoch_6.pth
[2025-06-24 07:00:54] Saved metrics   → checkpoints/metrics_epoch_6.json
[2025-06-24 07:00:54] Epoch 6 complete! Avg Loss: 51.4393, Train Acc: 7.05%, Val Acc: 6.50%, Avg IoU: 0.0430
