[2025-06-23 10:00:31] Using device: cuda
[2025-06-23 10:00:31] Batch size: 32, Epochs: 20
[2025-06-23 10:00:45] DEBUG GT boxes: [[  9.725333  58.1945   179.648    201.243   ]]
[2025-06-23 10:00:46] DEBUG Pred boxes: [104.4949  126.37088 102.25632  84.35742]
[2025-06-23 10:30:32] ✅ Epoch 1 – Avg Loss: 52.5763
[2025-06-23 10:31:02] 📊 Validation Metrics: {'num_classes_detected': 10, 'classes_detected': [0, 5, 12, 15, 18, 34, 35, 40, 48, 49], 'avg_iou': 0.04980028275166548, 'avg_l1_error': 48.871187658135895}
[2025-06-23 10:31:03] 🎉 New best model at epoch 1 (detected 10 classes)
[2025-06-23 10:31:04] Saved checkpoint → checkpoints/epoch_1.pth
[2025-06-23 10:31:04] Saved metrics   → checkpoints/metrics_epoch_1.json
[2025-06-23 10:31:04] Epoch 1 complete! Avg Loss: 52.5763, Detected Classes: 10
[2025-06-23 10:31:05] DEBUG GT boxes: [[ 73.18729  86.072   223.89009 223.489  ]]
[2025-06-23 10:31:05] DEBUG Pred boxes: [ 77.75612 101.00422 123.55971 152.0766 ]
[2025-06-23 10:58:49] ✅ Epoch 2 – Avg Loss: 51.8376
[2025-06-23 10:59:20] 📊 Validation Metrics: {'num_classes_detected': 5, 'classes_detected': [0, 5, 15, 38, 40], 'avg_iou': 0.07464994560368736, 'avg_l1_error': 47.69241683506553}
[2025-06-23 10:59:21] Saved checkpoint → checkpoints/epoch_2.pth
[2025-06-23 10:59:21] Saved metrics   → checkpoints/metrics_epoch_2.json
[2025-06-23 10:59:21] Epoch 2 complete! Avg Loss: 51.8376, Detected Classes: 5
[2025-06-23 10:59:22] DEBUG GT boxes: [[115.612     84.44169  125.384     92.292206]]
[2025-06-23 10:59:22] DEBUG Pred boxes: [ 74.776024  82.338356 148.35812  154.11053 ]
[2025-06-23 11:27:34] ✅ Epoch 3 – Avg Loss: 51.7197
[2025-06-23 11:28:05] 📊 Validation Metrics: {'num_classes_detected': 8, 'classes_detected': [0, 5, 12, 15, 17, 28, 35, 40], 'avg_iou': 0.05480729795390795, 'avg_l1_error': 47.628381107474915}
[2025-06-23 11:28:06] Saved checkpoint → checkpoints/epoch_3.pth
[2025-06-23 11:28:06] Saved metrics   → checkpoints/metrics_epoch_3.json
[2025-06-23 11:28:06] Epoch 3 complete! Avg Loss: 51.7197, Detected Classes: 8
[2025-06-23 11:28:07] DEBUG GT boxes: [[169.512    118.136665 182.56     152.74    ]]
[2025-06-23 11:28:07] DEBUG Pred boxes: [ 79.043976  92.45719  133.3416   149.7022  ]
[2025-06-23 11:56:58] ✅ Epoch 4 – Avg Loss: 51.5382
[2025-06-23 11:57:29] 📊 Validation Metrics: {'num_classes_detected': 9, 'classes_detected': [0, 3, 5, 11, 13, 15, 17, 35, 40], 'avg_iou': 0.05446098900711596, 'avg_l1_error': 47.59788563344096}
[2025-06-23 11:57:30] Saved checkpoint → checkpoints/epoch_4.pth
[2025-06-23 11:57:30] Saved metrics   → checkpoints/metrics_epoch_4.json
[2025-06-23 11:57:30] Epoch 4 complete! Avg Loss: 51.5382, Detected Classes: 9
[2025-06-23 11:57:31] DEBUG GT boxes: [[22.043    63.861034 48.314    88.327515]]
[2025-06-23 11:57:31] DEBUG Pred boxes: [ 85.9487   84.58626 137.38986 139.00182]
