[2025-06-23 12:18:15] Using device: cuda
[2025-06-23 12:18:15] Batch size: 32, Epochs: 20
[2025-06-23 12:46:49] ✅ Epoch 1 – Avg Loss: 8.6505
[2025-06-23 12:47:19] 📊 Validation Metrics: {'num_classes_detected': 19, 'classes_detected': [0, 2, 5, 6, 15, 17, 18, 19, 27, 34, 35, 36, 39, 40, 43, 46, 47, 48, 49], 'avg_iou': 0.06644374216101924, 'avg_l1_error': 47.86794190145733}
[2025-06-23 12:47:20] 🎉 New best model at epoch 1 (detected 19 classes)
[2025-06-23 12:47:22] Saved checkpoint → checkpoints/epoch_1.pth
[2025-06-23 12:47:22] Saved metrics   → checkpoints/metrics_epoch_1.json
[2025-06-23 12:47:22] Epoch 1 complete! Avg Loss: 8.6505, Detected Classes: 19
[2025-06-23 13:16:27] ✅ Epoch 2 – Avg Loss: 8.2595
[2025-06-23 13:16:59] 📊 Validation Metrics: {'num_classes_detected': 26, 'classes_detected': [0, 2, 3, 5, 6, 7, 11, 12, 13, 17, 18, 20, 27, 28, 30, 32, 33, 34, 35, 38, 39, 40, 43, 47, 48, 49], 'avg_iou': 0.0696747913167899, 'avg_l1_error': 47.20647390077312}
[2025-06-23 13:17:00] 🎉 New best model at epoch 2 (detected 26 classes)
[2025-06-23 13:17:02] Saved checkpoint → checkpoints/epoch_2.pth
[2025-06-23 13:17:02] Saved metrics   → checkpoints/metrics_epoch_2.json
[2025-06-23 13:17:02] Epoch 2 complete! Avg Loss: 8.2595, Detected Classes: 26
[2025-06-23 13:45:55] ✅ Epoch 3 – Avg Loss: 8.0409
[2025-06-23 13:46:27] 📊 Validation Metrics: {'num_classes_detected': 36, 'classes_detected': [0, 2, 3, 4, 5, 6, 7, 11, 12, 13, 14, 15, 17, 18, 19, 20, 21, 24, 27, 28, 30, 32, 33, 34, 35, 36, 37, 38, 39, 40, 41, 43, 45, 46, 47, 49], 'avg_iou': 0.05178665263406965, 'avg_l1_error': 47.23906546750245}
[2025-06-23 13:46:28] 🎉 New best model at epoch 3 (detected 36 classes)
[2025-06-23 13:46:30] Saved checkpoint → checkpoints/epoch_3.pth
[2025-06-23 13:46:30] Saved metrics   → checkpoints/metrics_epoch_3.json
[2025-06-23 13:46:30] Epoch 3 complete! Avg Loss: 8.0409, Detected Classes: 36
[2025-06-23 14:15:45] ✅ Epoch 4 – Avg Loss: 7.8909
[2025-06-23 14:16:19] 📊 Validation Metrics: {'num_classes_detected': 33, 'classes_detected': [0, 2, 3, 5, 6, 7, 9, 10, 11, 12, 13, 14, 15, 17, 18, 19, 20, 21, 24, 27, 28, 30, 33, 34, 35, 36, 38, 39, 40, 42, 43, 47, 49], 'avg_iou': 0.07689414925971037, 'avg_l1_error': 47.26985556219134}
[2025-06-23 14:16:20] Saved checkpoint → checkpoints/epoch_4.pth
[2025-06-23 14:16:20] Saved metrics   → checkpoints/metrics_epoch_4.json
[2025-06-23 14:16:20] Epoch 4 complete! Avg Loss: 7.8909, Detected Classes: 33
[2025-06-23 14:46:18] ✅ Epoch 5 – Avg Loss: 7.7885
[2025-06-23 14:46:49] 📊 Validation Metrics: {'num_classes_detected': 39, 'classes_detected': [0, 2, 3, 4, 5, 6, 7, 9, 10, 11, 12, 13, 14, 15, 17, 18, 19, 20, 21, 24, 27, 28, 29, 30, 32, 33, 34, 35, 36, 37, 38, 39, 40, 43, 45, 46, 47, 48, 49], 'avg_iou': 0.08260491110871857, 'avg_l1_error': 46.84748392279147}
[2025-06-23 14:46:50] 🎉 New best model at epoch 5 (detected 39 classes)
[2025-06-23 14:46:51] Saved checkpoint → checkpoints/epoch_5.pth
[2025-06-23 14:46:51] Saved metrics   → checkpoints/metrics_epoch_5.json
[2025-06-23 14:46:51] Epoch 5 complete! Avg Loss: 7.7885, Detected Classes: 39
[2025-06-23 15:16:16] ✅ Epoch 6 – Avg Loss: 7.6933
[2025-06-23 15:16:48] 📊 Validation Metrics: {'num_classes_detected': 40, 'classes_detected': [0, 2, 3, 4, 5, 6, 7, 8, 9, 10, 11, 12, 13, 14, 15, 16, 17, 18, 19, 20, 21, 24, 27, 28, 29, 30, 32, 33, 34, 35, 36, 37, 38, 39, 40, 41, 43, 46, 47, 49], 'avg_iou': 0.07747473515033629, 'avg_l1_error': 46.14029595558477}
[2025-06-23 15:16:49] 🎉 New best model at epoch 6 (detected 40 classes)
[2025-06-23 15:16:49] Saved checkpoint → checkpoints/epoch_6.pth
[2025-06-23 15:16:49] Saved metrics   → checkpoints/metrics_epoch_6.json
[2025-06-23 15:16:49] Epoch 6 complete! Avg Loss: 7.6933, Detected Classes: 40
[2025-06-23 15:46:57] ✅ Epoch 7 – Avg Loss: 7.6108
[2025-06-23 15:47:30] 📊 Validation Metrics: {'num_classes_detected': 44, 'classes_detected': [0, 2, 3, 4, 5, 6, 7, 8, 9, 11, 12, 13, 14, 15, 17, 18, 19, 20, 21, 23, 24, 25, 27, 28, 29, 30, 32, 33, 34, 35, 36, 37, 38, 39, 40, 41, 42, 43, 44, 45, 46, 47, 48, 49], 'avg_iou': 0.07044803692237742, 'avg_l1_error': 46.01339279919179}
[2025-06-23 15:47:31] 🎉 New best model at epoch 7 (detected 44 classes)
[2025-06-23 15:47:32] Saved checkpoint → checkpoints/epoch_7.pth
[2025-06-23 15:47:32] Saved metrics   → checkpoints/metrics_epoch_7.json
[2025-06-23 15:47:32] Epoch 7 complete! Avg Loss: 7.6108, Detected Classes: 44
[2025-06-23 16:18:02] ✅ Epoch 8 – Avg Loss: 7.5161
[2025-06-23 16:18:35] 📊 Validation Metrics: {'num_classes_detected': 42, 'classes_detected': [0, 2, 3, 4, 5, 6, 7, 8, 9, 11, 12, 13, 14, 15, 16, 17, 18, 19, 20, 21, 24, 25, 27, 28, 29, 30, 32, 33, 34, 35, 36, 37, 38, 39, 40, 41, 43, 45, 46, 47, 48, 49], 'avg_iou': 0.07378891770911027, 'avg_l1_error': 46.08390271156036}
[2025-06-23 16:18:36] Saved checkpoint → checkpoints/epoch_8.pth
[2025-06-23 16:18:36] Saved metrics   → checkpoints/metrics_epoch_8.json
[2025-06-23 16:18:36] Epoch 8 complete! Avg Loss: 7.5161, Detected Classes: 42
[2025-06-23 16:48:43] ✅ Epoch 9 – Avg Loss: 7.4352
[2025-06-23 16:49:16] 📊 Validation Metrics: {'num_classes_detected': 43, 'classes_detected': [0, 1, 2, 3, 4, 5, 6, 7, 9, 10, 11, 12, 13, 14, 15, 17, 18, 19, 20, 21, 23, 24, 25, 27, 28, 29, 30, 32, 33, 34, 35, 37, 38, 39, 40, 41, 42, 43, 45, 46, 47, 48, 49], 'avg_iou': 0.07664105505214033, 'avg_l1_error': 45.505979130967624}
[2025-06-23 16:49:16] Saved checkpoint → checkpoints/epoch_9.pth
[2025-06-23 16:49:16] Saved metrics   → checkpoints/metrics_epoch_9.json
[2025-06-23 16:49:16] Epoch 9 complete! Avg Loss: 7.4352, Detected Classes: 43
[2025-06-23 17:29:05] ✅ Epoch 10 – Avg Loss: 7.3369
[2025-06-23 17:30:05] 📊 Validation Metrics: {'num_classes_detected': 41, 'classes_detected': [0, 2, 3, 4, 5, 6, 7, 8, 9, 11, 12, 13, 14, 15, 17, 18, 19, 20, 21, 23, 24, 25, 27, 28, 29, 30, 32, 33, 34, 35, 36, 37, 38, 39, 40, 41, 43, 46, 47, 48, 49], 'avg_iou': 0.08542066346020488, 'avg_l1_error': 45.37053166587162}
[2025-06-23 17:30:05] Saved checkpoint → checkpoints/epoch_10.pth
[2025-06-23 17:30:05] Saved metrics   → checkpoints/metrics_epoch_10.json
[2025-06-23 17:30:05] Epoch 10 complete! Avg Loss: 7.3369, Detected Classes: 41
[2025-06-23 18:20:09] ✅ Epoch 11 – Avg Loss: 7.2326
[2025-06-23 18:21:10] 📊 Validation Metrics: {'num_classes_detected': 46, 'classes_detected': [0, 2, 3, 4, 5, 6, 7, 8, 9, 11, 12, 13, 14, 15, 16, 17, 18, 19, 20, 21, 22, 23, 24, 25, 27, 28, 29, 30, 32, 33, 34, 35, 36, 37, 38, 39, 40, 41, 42, 43, 44, 45, 46, 47, 48, 49], 'avg_iou': 0.0906074137509965, 'avg_l1_error': 45.32829387331879}
[2025-06-23 18:21:11] 🎉 New best model at epoch 11 (detected 46 classes)
[2025-06-23 18:21:12] Saved checkpoint → checkpoints/epoch_11.pth
[2025-06-23 18:21:12] Saved metrics   → checkpoints/metrics_epoch_11.json
[2025-06-23 18:21:12] Epoch 11 complete! Avg Loss: 7.2326, Detected Classes: 46
